2026-03-28 15:13:05 | FROM: 6 (Попов) TO: 1 (Петров) | AMOUNT: 2231.62 | STATUS: SUCCESS
2026-03-28 15:13:05 | FROM: 8 (Михайлов) TO: 0 (Иванов) | AMOUNT: 1946.90 | STATUS: SUCCESS
2026-03-28 15:13:05 | FROM: 2 (Сидоров) TO: 4 (Смирнов) | AMOUNT: 4469.49 | STATUS: SUCCESS
2026-03-28 15:13:05 | FROM: 5 (Васильев) TO: 8 (Михайлов) | AMOUNT: 327.56 | STATUS: SUCCESS
2026-03-28 15:13:05 | FROM: 5 (Васильев) TO: 8 (Михайлов) | AMOUNT: 4823.41 | STATUS: FAILED | REASON: Недостаточно средств (доступно: 4672.439947 руб.)
2026-03-28 15:13:05 | FROM: 3 (Кузнецов) TO: 6 (Попов) | AMOUNT: 106.13 | STATUS: SUCCESS
2026-03-28 15:13:05 | FROM: 4 (Смирнов) TO: 7 (Соколов) | AMOUNT: 3785.45 | STATUS: SUCCESS
2026-03-28 15:13:05 | FROM: 6 (Попов) TO: 9 (Федоров) | AMOUNT: 1379.74 | STATUS: SUCCESS
2026-03-28 15:13:05 | FROM: 8 (Михайлов) TO: 3 (Кузнецов) | AMOUNT: 642.57 | STATUS: SUCCESS
2026-03-28 15:13:05 | FROM: 1 (Петров) TO: 3 (Кузнецов) | AMOUNT: 4779.32 | STATUS: SUCCESS
2026-03-28 15:13:05 | FROM: 5 (Васильев) TO: 2 (Сидоров) | AMOUNT: 2152.49 | STATUS: SUCCESS
2026-03-28 15:13:05 | FROM: 4 (Смирнов) TO: 8 (Михайлов) | AMOUNT: 4498.74 | STATUS: SUCCESS
2026-03-28 15:13:05 | FROM: 6 (Попов) TO: 5 (Васильев) | AMOUNT: 3164.40 | STATUS: SUCCESS
2026-03-28 15:13:05 | FROM: 0 (Иванов) TO: 9 (Федоров) | AMOUNT: 709.83 | STATUS: SUCCESS
2026-03-28 15:13:05 | FROM: 6 (Попов) TO: 2 (Сидоров) | AMOUNT: 4066.01 | STATUS: SUCCESS
2026-03-28 15:13:05 | FROM: 4 (Смирнов) TO: 8 (Михайлов) | AMOUNT: 139.68 | STATUS: SUCCESS
2026-03-28 15:13:05 | FROM: 1 (Петров) TO: 8 (Михайлов) | AMOUNT: 1795.01 | STATUS: SUCCESS
2026-03-28 15:13:05 | FROM: 4 (Смирнов) TO: 6 (Попов) | AMOUNT: 2179.63 | STATUS: SUCCESS
2026-03-28 15:13:05 | FROM: 0 (Иванов) TO: 6 (Попов) | AMOUNT: 3546.80 | STATUS: SUCCESS
2026-03-28 15:13:05 | FROM: 4 (Смирнов) TO: 3 (Кузнецов) | AMOUNT: 1696.81 | STATUS: SUCCESS
2026-03-28 15:13:05 | FROM: 4 (Смирнов) TO: 9 (Федоров) | AMOUNT: 3403.41 | STATUS: SUCCESS
2026-03-28 15:13:05 | FROM: 2 (Сидоров) TO: 4 (Смирнов) | AMOUNT: 2740.57 | STATUS: SUCCESS
2026-03-28 15:13:05 | FROM: 8 (Михайлов) TO: 6 (Попов) | AMOUNT: 1539.08 | STATUS: SUCCESS
2026-03-28 15:13:05 | FROM: 9 (Федоров) TO: 1 (Петров) | AMOUNT: 1924.58 | STATUS: SUCCESS
2026-03-28 15:13:05 | FROM: 6 (Попов) TO: 5 (Васильев) | AMOUNT: 778.03 | STATUS: SUCCESS
2026-03-28 15:13:05 | FROM: 2 (Сидоров) TO: 7 (Соколов) | AMOUNT: 1575.90 | STATUS: SUCCESS
2026-03-28 15:13:05 | FROM: 5 (Васильев) TO: 6 (Попов) | AMOUNT: 1751.08 | STATUS: SUCCESS
2026-03-28 15:13:05 | FROM: 5 (Васильев) TO: 9 (Федоров) | AMOUNT: 2201.03 | STATUS: SUCCESS
2026-03-28 15:13:05 | FROM: 9 (Федоров) TO: 5 (Васильев) | AMOUNT: 1656.35 | STATUS: SUCCESS
2026-03-28 15:13:05 | FROM: 9 (Федоров) TO: 6 (Попов) | AMOUNT: 3714.13 | STATUS: SUCCESS
2026-03-28 15:13:05 | FROM: 8 (Михайлов) TO: 0 (Иванов) | AMOUNT: 4711.75 | STATUS: SUCCESS
2026-03-28 15:13:05 | FROM: 8 (Михайлов) TO: 1 (Петров) | AMOUNT: 1750.17 | STATUS: SUCCESS
2026-03-28 15:13:05 | FROM: 7 (Соколов) TO: 3 (Кузнецов) | AMOUNT: 2519.33 | STATUS: SUCCESS
2026-03-28 15:13:05 | FROM: 3 (Кузнецов) TO: 0 (Иванов) | AMOUNT: 528.31 | STATUS: SUCCESS
2026-03-28 15:13:05 | FROM: 1 (Петров) TO: 0 (Иванов) | AMOUNT: 2170.11 | STATUS: SUCCESS
2026-03-28 15:13:05 | FROM: 0 (Иванов) TO: 6 (Попов) | AMOUNT: 1055.43 | STATUS: SUCCESS
2026-03-28 15:13:05 | FROM: 2 (Сидоров) TO: 8 (Михайлов) | AMOUNT: 681.06 | STATUS: SUCCESS
2026-03-28 15:13:05 | FROM: 5 (Васильев) TO: 2 (Сидоров) | AMOUNT: 4734.76 | STATUS: FAILED | REASON: Недостаточно средств (доступно: 4166.618198 руб.)
2026-03-28 15:13:05 | FROM: 9 (Федоров) TO: 0 (Иванов) | AMOUNT: 1914.19 | STATUS: SUCCESS
2026-03-28 15:13:05 | FROM: 2 (Сидоров) TO: 8 (Михайлов) | AMOUNT: 2110.07 | STATUS: SUCCESS
2026-03-28 15:13:05 | FROM: 6 (Попов) TO: 5 (Васильев) | AMOUNT: 1122.30 | STATUS: SUCCESS
2026-03-28 15:13:05 | FROM: 0 (Иванов) TO: 7 (Соколов) | AMOUNT: 4178.15 | STATUS: SUCCESS
2026-03-28 15:13:05 | FROM: 6 (Попов) TO: 7 (Соколов) | AMOUNT: 4191.79 | STATUS: SUCCESS
2026-03-28 15:13:05 | FROM: 1 (Петров) TO: 3 (Кузнецов) | AMOUNT: 181.75 | STATUS: SUCCESS
2026-03-28 15:13:05 | FROM: 7 (Соколов) TO: 5 (Васильев) | AMOUNT: 843.76 | STATUS: SUCCESS
2026-03-28 15:13:05 | FROM: 9 (Федоров) TO: 0 (Иванов) | AMOUNT: 928.61 | STATUS: SUCCESS
2026-03-28 15:13:05 | FROM: 8 (Михайлов) TO: 2 (Сидоров) | AMOUNT: 2595.23 | STATUS: SUCCESS
2026-03-28 15:13:05 | FROM: 2 (Сидоров) TO: 8 (Михайлов) | AMOUNT: 1959.25 | STATUS: SUCCESS
2026-03-28 15:13:05 | FROM: 1 (Петров) TO: 7 (Соколов) | AMOUNT: 3993.11 | STATUS: SUCCESS
2026-03-28 15:13:05 | FROM: 0 (Иванов) TO: 4 (Смирнов) | AMOUNT: 4119.40 | STATUS: SUCCESS
2026-03-28 15:13:05 | FROM: 7 (Соколов) TO: 8 (Михайлов) | AMOUNT: 1431.64 | STATUS: SUCCESS
2026-03-28 15:13:05 | FROM: 3 (Кузнецов) TO: 0 (Иванов) | AMOUNT: 4319.15 | STATUS: SUCCESS
2026-03-28 15:13:05 | FROM: 0 (Иванов) TO: 5 (Васильев) | AMOUNT: 2957.69 | STATUS: SUCCESS
2026-03-28 15:13:05 | FROM: 1 (Петров) TO: 5 (Васильев) | AMOUNT: 536.38 | STATUS: SUCCESS
2026-03-28 15:13:05 | FROM: 4 (Смирнов) TO: 2 (Сидоров) | AMOUNT: 1576.46 | STATUS: SUCCESS
2026-03-28 15:13:05 | FROM: 8 (Михайлов) TO: 6 (Попов) | AMOUNT: 434.58 | STATUS: SUCCESS
2026-03-28 15:13:05 | FROM: 3 (Кузнецов) TO: 9 (Федоров) | AMOUNT: 574.15 | STATUS: SUCCESS
2026-03-28 15:13:05 | FROM: 7 (Соколов) TO: 6 (Попов) | AMOUNT: 3791.12 | STATUS: SUCCESS
2026-03-28 15:13:05 | FROM: 2 (Сидоров) TO: 6 (Попов) | AMOUNT: 1239.13 | STATUS: SUCCESS
2026-03-28 15:13:05 | FROM: 5 (Васильев) TO: 0 (Иванов) | AMOUNT: 949.35 | STATUS: SUCCESS
2026-03-28 15:13:05 | FROM: 5 (Васильев) TO: 1 (Петров) | AMOUNT: 1245.53 | STATUS: SUCCESS
2026-03-28 15:13:05 | FROM: 5 (Васильев) TO: 9 (Федоров) | AMOUNT: 509.95 | STATUS: SUCCESS
2026-03-28 15:13:05 | FROM: 9 (Федоров) TO: 0 (Иванов) | AMOUNT: 3301.65 | STATUS: SUCCESS
2026-03-28 15:13:05 | FROM: 5 (Васильев) TO: 2 (Сидоров) | AMOUNT: 702.60 | STATUS: SUCCESS
2026-03-28 15:13:05 | FROM: 4 (Смирнов) TO: 9 (Федоров) | AMOUNT: 3750.91 | STATUS: SUCCESS
2026-03-28 15:13:05 | FROM: 2 (Сидоров) TO: 7 (Соколов) | AMOUNT: 201.12 | STATUS: SUCCESS
2026-03-28 15:13:05 | FROM: 2 (Сидоров) TO: 9 (Федоров) | AMOUNT: 194.98 | STATUS: SUCCESS
2026-03-28 15:13:05 | FROM: 2 (Сидоров) TO: 8 (Михайлов) | AMOUNT: 4668.99 | STATUS: SUCCESS
2026-03-28 15:13:05 | FROM: 1 (Петров) TO: 9 (Федоров) | AMOUNT: 1205.32 | STATUS: SUCCESS
2026-03-28 15:13:05 | FROM: 7 (Соколов) TO: 9 (Федоров) | AMOUNT: 3959.58 | STATUS: SUCCESS
2026-03-28 15:13:05 | FROM: 1 (Петров) TO: 6 (Попов) | AMOUNT: 1886.55 | STATUS: SUCCESS
2026-03-28 15:13:05 | FROM: 3 (Кузнецов) TO: 7 (Соколов) | AMOUNT: 4129.78 | STATUS: SUCCESS
2026-03-28 15:13:05 | FROM: 2 (Сидоров) TO: 7 (Соколов) | AMOUNT: 1700.90 | STATUS: SUCCESS
2026-03-28 15:13:05 | FROM: 8 (Михайлов) TO: 9 (Федоров) | AMOUNT: 2679.63 | STATUS: SUCCESS
2026-03-28 15:13:05 | FROM: 3 (Кузнецов) TO: 7 (Соколов) | AMOUNT: 4156.24 | STATUS: SUCCESS
2026-03-28 15:13:05 | FROM: 7 (Соколов) TO: 6 (Попов) | AMOUNT: 325.10 | STATUS: SUCCESS
2026-03-28 15:13:05 | FROM: 1 (Петров) TO: 2 (Сидоров) | AMOUNT: 3628.15 | STATUS: SUCCESS
2026-03-28 15:13:05 | FROM: 3 (Кузнецов) TO: 0 (Иванов) | AMOUNT: 2120.87 | STATUS: SUCCESS
2026-03-28 15:13:05 | FROM: 8 (Михайлов) TO: 9 (Федоров) | AMOUNT: 1383.03 | STATUS: SUCCESS
2026-03-28 15:13:05 | FROM: 4 (Смирнов) TO: 2 (Сидоров) | AMOUNT: 192.11 | STATUS: SUCCESS
2026-03-28 15:13:05 | FROM: 7 (Соколов) TO: 3 (Кузнецов) | AMOUNT: 3924.47 | STATUS: SUCCESS
2026-03-28 15:13:05 | FROM: 1 (Петров) TO: 0 (Иванов) | AMOUNT: 4617.69 | STATUS: FAILED | REASON: Недостаточно средств (доступно: 1976.204565 руб.)
2026-03-28 15:13:05 | FROM: 6 (Попов) TO: 0 (Иванов) | AMOUNT: 4170.42 | STATUS: SUCCESS
2026-03-28 15:13:05 | FROM: 3 (Кузнецов) TO: 7 (Соколов) | AMOUNT: 654.61 | STATUS: SUCCESS
2026-03-28 15:13:05 | FROM: 6 (Попов) TO: 4 (Смирнов) | AMOUNT: 4753.86 | STATUS: SUCCESS
2026-03-28 15:13:05 | FROM: 1 (Петров) TO: 8 (Михайлов) | AMOUNT: 3645.87 | STATUS: FAILED | REASON: Недостаточно средств (доступно: 1976.204565 руб.)
2026-03-28 15:13:05 | FROM: 0 (Иванов) TO: 1 (Петров) | AMOUNT: 644.89 | STATUS: SUCCESS
2026-03-28 15:13:05 | FROM: 6 (Попов) TO: 8 (Михайлов) | AMOUNT: 4447.85 | STATUS: SUCCESS
2026-03-28 15:13:05 | FROM: 7 (Соколов) TO: 6 (Попов) | AMOUNT: 3856.14 | STATUS: SUCCESS
2026-03-28 15:13:05 | FROM: 2 (Сидоров) TO: 1 (Петров) | AMOUNT: 4262.05 | STATUS: SUCCESS
2026-03-28 15:13:05 | FROM: 2 (Сидоров) TO: 8 (Михайлов) | AMOUNT: 3050.43 | STATUS: FAILED | REASON: Недостаточно средств (доступно: 1109.520269 руб.)
2026-03-28 15:13:05 | FROM: 5 (Васильев) TO: 4 (Смирнов) | AMOUNT: 785.93 | STATUS: SUCCESS
2026-03-28 15:13:05 | FROM: 6 (Попов) TO: 8 (Михайлов) | AMOUNT: 590.44 | STATUS: SUCCESS
2026-03-28 15:13:05 | FROM: 2 (Сидоров) TO: 0 (Иванов) | AMOUNT: 3428.94 | STATUS: FAILED | REASON: Недостаточно средств (доступно: 1109.520269 руб.)
2026-03-28 15:13:05 | FROM: 6 (Попов) TO: 2 (Сидоров) | AMOUNT: 3234.59 | STATUS: SUCCESS
2026-03-28 15:13:05 | FROM: 7 (Соколов) TO: 4 (Смирнов) | AMOUNT: 1720.55 | STATUS: SUCCESS
2026-03-28 15:13:05 | FROM: 7 (Соколов) TO: 4 (Смирнов) | AMOUNT: 885.30 | STATUS: SUCCESS
2026-03-28 15:13:05 | FROM: 0 (Иванов) TO: 4 (Смирнов) | AMOUNT: 4708.12 | STATUS: SUCCESS
2026-03-28 15:13:05 | FROM: 8 (Михайлов) TO: 9 (Федоров) | AMOUNT: 3070.16 | STATUS: SUCCESS
2026-03-28 15:13:05 | FROM: 9 (Федоров) TO: 0 (Иванов) | AMOUNT: 470.60 | STATUS: SUCCESS
2026-03-28 15:13:05 | FROM: 7 (Соколов) TO: 3 (Кузнецов) | AMOUNT: 2580.78 | STATUS: SUCCESS
2026-03-28 15:13:05 | FROM: 9 (Федоров) TO: 7 (Соколов) | AMOUNT: 1872.80 | STATUS: SUCCESS
2026-03-28 15:13:05 | FROM: 5 (Васильев) TO: 7 (Соколов) | AMOUNT: 1319.46 | STATUS: SUCCESS
2026-03-28 15:13:05 | FROM: 9 (Федоров) TO: 3 (Кузнецов) | AMOUNT: 4292.76 | STATUS: SUCCESS
